<?xml version="1.0" encoding="UTF-8"?>
<!-- Generated by org.testng.reporters.JUnitReportReporter -->
<testsuite hostname="Admin" failures="0" tests="1" name="alert_windows_iframe.IFrame_ExpliciWait" time="11.991" errors="0" timestamp="2023-08-27T17:40:14 ICT" skipped="0">
  <testcase classname="alert_windows_iframe.IFrame_ExpliciWait" name="handleIFrame" time="11.991"/>
</testsuite> <!-- alert_windows_iframe.IFrame_ExpliciWait -->
