<?xml version="1.0" encoding="UTF-8"?>
<!-- Generated by org.testng.reporters.JUnitReportReporter -->
<testsuite hostname="Admin" failures="0" tests="2" name="automation.testsuite.ClientTestFactory_Day15" time="12.244" errors="0" timestamp="2023-09-06T16:52:17 ICT" skipped="0">
  <testcase classname="automation.testsuite.ClientTestFactory_Day15" name="addClientSuccessfuly" time="6.283"/>
  <testcase classname="automation.testsuite.ClientTestFactory_Day15" name="addClientSuccessfuly" time="5.961"/>
</testsuite> <!-- automation.testsuite.ClientTestFactory_Day15 -->
