<?xml version="1.0" encoding="UTF-8"?>
<!-- Generated by org.testng.reporters.JUnitReportReporter -->
<testsuite hostname="Admin" failures="0" tests="1" name="alert_windows_iframe.AlertBasic_java" time="5.472" errors="0" timestamp="2023-08-24T22:53:43 ICT" skipped="0">
  <testcase classname="alert_windows_iframe.AlertBasic_java" name="TestAlert01" time="5.472"/>
</testsuite> <!-- alert_windows_iframe.AlertBasic_java -->
