<?xml version="1.0" encoding="UTF-8"?>
<!-- Generated by org.testng.reporters.JUnitReportReporter -->
<testsuite hostname="Admin" failures="0" tests="1" name="alert_windows_iframe.AlertSendKeys" time="2.384" errors="0" timestamp="2023-08-23T21:14:29 ICT" skipped="0">
  <testcase classname="alert_windows_iframe.AlertSendKeys" name="TestAlert02" time="2.384"/>
</testsuite> <!-- alert_windows_iframe.AlertSendKeys -->
