<?xml version="1.0" encoding="UTF-8"?>
<!-- Generated by org.testng.reporters.JUnitReportReporter -->
<testsuite hostname="Admin" failures="0" tests="1" name="alert_windows_iframe.WindowsPopUp" time="7.426" errors="0" timestamp="2023-08-27T16:50:53 ICT" skipped="0">
  <testcase classname="alert_windows_iframe.WindowsPopUp" name="TestPopupWindow" time="7.426"/>
</testsuite> <!-- alert_windows_iframe.WindowsPopUp -->
