<?xml version="1.0" encoding="UTF-8"?>
<!-- Generated by org.testng.reporters.JUnitReportReporter -->
<testsuite hostname="Admin" failures="0" tests="1" name="automation.testsuite.ClientTestFactory_Day15" time="7.096" errors="0" timestamp="2023-08-27T17:51:36 ICT" skipped="0">
  <testcase classname="automation.testsuite.ClientTestFactory_Day15" name="addClientSuccessfuly" time="7.096"/>
</testsuite> <!-- automation.testsuite.ClientTestFactory_Day15 -->
