<?xml version="1.0" encoding="UTF-8"?>
<!-- Generated by org.testng.reporters.JUnitReportReporter -->
<testsuite hostname="Admin" failures="0" tests="1" name="alert_windows_iframe.IFrame_ExpliciWait" time="15.208" errors="0" timestamp="2023-08-30T15:40:37 ICT" skipped="0">
  <testcase classname="alert_windows_iframe.IFrame_ExpliciWait" name="handleIFrame" time="15.208"/>
</testsuite> <!-- alert_windows_iframe.IFrame_ExpliciWait -->
