<?xml version="1.0" encoding="UTF-8"?>
<!-- Generated by org.testng.reporters.JUnitReportReporter -->
<testsuite hostname="Admin" failures="0" tests="1" name="alert_windows_iframe.Dangky" time="7.809" errors="0" timestamp="2023-08-30T16:33:30 ICT" skipped="0">
  <testcase classname="alert_windows_iframe.Dangky" name="handleIFrame" time="7.809"/>
</testsuite> <!-- alert_windows_iframe.Dangky -->
