<?xml version="1.0" encoding="UTF-8"?>
<!-- Generated by org.testng.reporters.JUnitReportReporter -->
<testsuite hostname="Admin" failures="0" tests="1" name="automation.testsuite.SearchFlights_Day16" time="0.907" errors="0" timestamp="2023-08-23T16:28:09 ICT" skipped="0">
  <testcase classname="automation.testsuite.SearchFlights_Day16" name="ChooseDatePicker" time="0.907"/>
</testsuite> <!-- automation.testsuite.SearchFlights_Day16 -->
