<?xml version="1.0" encoding="UTF-8"?>
<!-- Generated by org.testng.reporters.JUnitReportReporter -->
<testsuite hostname="Admin" failures="0" tests="2" name="automation.testsuite.Day12_Checkbox_Radio_Dropdown" time="48.834" errors="0" timestamp="2023-08-23T17:18:47 ICT" skipped="0">
  <testcase classname="automation.testsuite.Day12_Checkbox_Radio_Dropdown" name="selectDropdownlist" time="9.851"/>
  <testcase classname="automation.testsuite.Day12_Checkbox_Radio_Dropdown" name="isRadioButtonSelected" time="38.983"/>
</testsuite> <!-- automation.testsuite.Day12_Checkbox_Radio_Dropdown -->
