<?xml version="1.0" encoding="UTF-8"?>
<!-- Generated by org.testng.reporters.JUnitReportReporter -->
<testsuite hostname="Admin" failures="0" tests="2" name="automation.testsuite.Day12_Checkbox_Radio_Dropdown" time="7.543" errors="0" timestamp="2023-08-14T21:52:12 ICT" skipped="0">
  <testcase classname="automation.testsuite.Day12_Checkbox_Radio_Dropdown" name="selectDropdownlist" time="2.849"/>
  <testcase classname="automation.testsuite.Day12_Checkbox_Radio_Dropdown" name="isRadioButtonSelected" time="4.694"/>
</testsuite> <!-- automation.testsuite.Day12_Checkbox_Radio_Dropdown -->
