<?xml version="1.0" encoding="UTF-8"?>
<!-- Generated by org.testng.reporters.JUnitReportReporter -->
<testsuite hostname="Admin" failures="0" tests="1" name="automation.testsuite.SearchFlights_Day16" time="0.351" errors="0" timestamp="2023-08-14T21:45:11 ICT" skipped="0">
  <testcase classname="automation.testsuite.SearchFlights_Day16" name="ChooseDatePicker" time="0.351"/>
</testsuite> <!-- automation.testsuite.SearchFlights_Day16 -->
